C:\WINDOWS\TEMP\AEXAM\AEX59A2.TMP
C:\WINDOWS\TEMP\AEXAM\AEX59A4.TMP
C:\WINDOWS\TEMP\AEXAM\AEX59A7.TMP
D:\SLAPWARE\CONSOLE\2010_RW\AA_API\PRODUCTDETAILS\PRODUCTDETAILS\RELEASE\BISACDB.OBJ
D:\SLAPWARE\CONSOLE\2010_RW\AA_API\PRODUCTDETAILS\PRODUCTDETAILS\RELEASE\CATEGORYDB.OBJ
D:\slapware\console\2010_RW\AA_api\ProductDetails\ProductDetails\Release\cl.command.1.tlog
D:\slapware\console\2010_RW\AA_api\ProductDetails\ProductDetails\Release\CL.read.1.tlog
D:\slapware\console\2010_RW\AA_api\ProductDetails\ProductDetails\Release\CL.write.1.tlog
D:\SLAPWARE\CONSOLE\2010_RW\AA_API\PRODUCTDETAILS\PRODUCTDETAILS\RELEASE\CONTENTDB.OBJ
D:\SLAPWARE\CONSOLE\2010_RW\AA_API\PRODUCTDETAILS\PRODUCTDETAILS\RELEASE\CONTRIBUTORDB.OBJ
D:\SLAPWARE\CONSOLE\2010_RW\AA_API\PRODUCTDETAILS\PRODUCTDETAILS\RELEASE\DBFACE.OBJ
D:\slapware\console\2010_RW\AA_api\ProductDetails\ProductDetails\Release\link.command.1.tlog
D:\slapware\console\2010_RW\AA_api\ProductDetails\ProductDetails\Release\link.read.1.tlog
D:\slapware\console\2010_RW\AA_api\ProductDetails\ProductDetails\Release\link.write.1.tlog
D:\SLAPWARE\CONSOLE\2010_RW\AA_API\PRODUCTDETAILS\PRODUCTDETAILS\RELEASE\MARKUP.OBJ
D:\SLAPWARE\CONSOLE\2010_RW\AA_API\PRODUCTDETAILS\PRODUCTDETAILS\RELEASE\MSSQLHANDLE.OBJ
D:\SLAPWARE\CONSOLE\2010_RW\AA_API\PRODUCTDETAILS\PRODUCTDETAILS\RELEASE\MSSQLIMP.OBJ
D:\slapware\console\2010_RW\AA_api\ProductDetails\ProductDetails\Release\mt.command.1.tlog
D:\slapware\console\2010_RW\AA_api\ProductDetails\ProductDetails\Release\mt.read.1.tlog
D:\slapware\console\2010_RW\AA_api\ProductDetails\ProductDetails\Release\mt.write.1.tlog
D:\SLAPWARE\CONSOLE\2010_RW\AA_API\PRODUCTDETAILS\PRODUCTDETAILS\RELEASE\PRODUCTDETAILS.EXE.INTERMEDIATE.MANIFEST
D:\SLAPWARE\CONSOLE\2010_RW\AA_API\PRODUCTDETAILS\PRODUCTDETAILS\RELEASE\PRODUCTDETAILS.OBJ
D:\slapware\console\2010_RW\AA_api\ProductDetails\ProductDetails\Release\ProductDetails.write.1.tlog
D:\SLAPWARE\CONSOLE\2010_RW\AA_API\PRODUCTDETAILS\RELEASE\PRODUCTDETAILS.EXE
D:\slapware\console\2010_RW\AA_api\ProductDetails\Release\ProductDetails.exp
D:\slapware\console\2010_RW\AA_api\ProductDetails\Release\ProductDetails.lib
